2019-02-06 16:22:30.646  INFO 7360 --- [main] c.e.h.HelloBootGradleApplication         : Starting HelloBootGradleApplication on DESKTOP-B60IUD8 with PID 7360 (C:\Users\WCY\IdeaProjects\hello-boot-gradle\out\production\classes started by WCY in C:\Users\WCY\IdeaProjects\hello-boot-gradle)
2019-02-06 16:22:30.658  INFO 7360 --- [main] c.e.h.HelloBootGradleApplication         : No active profile set, falling back to default profiles: default
2019-02-06 16:22:31.881  INFO 7360 --- [main] o.s.b.w.embedded.tomcat.TomcatWebServer  : Tomcat initialized with port(s): 8080 (http)
2019-02-06 16:22:31.907  INFO 7360 --- [main] o.apache.catalina.core.StandardService   : Starting service [Tomcat]
2019-02-06 16:22:31.908  INFO 7360 --- [main] org.apache.catalina.core.StandardEngine  : Starting Servlet engine: [Apache Tomcat/9.0.14]
2019-02-06 16:22:31.916  INFO 7360 --- [main] o.a.catalina.core.AprLifecycleListener   : The APR based Apache Tomcat Native library which allows optimal performance in production environments was not found on the java.library.path: [C:\Program Files (x86)\Java\jdk1.8.0_192\bin;C:\WINDOWS\Sun\Java\bin;C:\WINDOWS\system32;C:\WINDOWS;c:\gtk\bin;C:\Program Files (x86)\Common Files\Oracle\Java\javapath;C:\WINDOWS\system32;C:\WINDOWS;C:\WINDOWS\System32\Wbem;C:\WINDOWS\System32\WindowsPowerShell\v1.0\;C:\WINDOWS\System32\OpenSSH\;D:\Java\java8\jdk\bin;D:\Java\java8\jre\bin;C:\Program Files\MySQL\MySQL Server 5.7\bin;D:\redis\Redis-x64-3.2.100;D:\maven\apache-maven-3.5.4\bin;C:\Program Files\dotnet\;F:\MyTouch;C:\Users\WCY\AppData\Local\Microsoft\WindowsApps;F:\Bandizip\;C:\Users\WCY\AppData\Local\Microsoft\WindowsApps;F:\Bandizip\;.]
2019-02-06 16:22:32.036  INFO 7360 --- [main] o.a.c.c.C.[Tomcat].[localhost].[/]       : Initializing Spring embedded WebApplicationContext
2019-02-06 16:22:32.037  INFO 7360 --- [main] o.s.web.context.ContextLoader            : Root WebApplicationContext: initialization completed in 1297 ms
2019-02-06 16:22:32.248  WARN 7360 --- [main] org.thymeleaf.templatemode.TemplateMode  : [THYMELEAF][main] Template Mode 'HTML5' is deprecated. Using Template Mode 'HTML' instead.
2019-02-06 16:22:32.252  WARN 7360 --- [main] org.thymeleaf.templatemode.TemplateMode  : [THYMELEAF][main] Template Mode 'HTML5' is deprecated. Using Template Mode 'HTML' instead.
2019-02-06 16:22:32.400  WARN 7360 --- [main] ion$DefaultTemplateResolverConfiguration : Cannot find template location: classpath:/templates/ (please add some templates or check your Thymeleaf configuration)
2019-02-06 16:22:32.471  INFO 7360 --- [main] o.s.b.w.embedded.tomcat.TomcatWebServer  : Tomcat started on port(s): 8080 (http) with context path ''
2019-02-06 16:22:32.475  INFO 7360 --- [main] c.e.h.HelloBootGradleApplication         : Started HelloBootGradleApplication in 2.499 seconds (JVM running for 3.585)
2019-02-06 16:22:41.372  INFO 7360 --- [http-nio-8080-exec-1] o.a.c.c.C.[Tomcat].[localhost].[/]       : Initializing Spring DispatcherServlet 'dispatcherServlet'
2019-02-06 16:22:41.373  INFO 7360 --- [http-nio-8080-exec-1] o.s.web.servlet.DispatcherServlet        : Initializing Servlet 'dispatcherServlet'
2019-02-06 16:22:41.381  INFO 7360 --- [http-nio-8080-exec-1] o.s.web.servlet.DispatcherServlet        : Completed initialization in 8 ms
2019-02-06 16:24:00.991  INFO 19136 --- [main] c.e.h.HelloBootGradleApplication         : Starting HelloBootGradleApplication on DESKTOP-B60IUD8 with PID 19136 (C:\Users\WCY\IdeaProjects\hello-boot-gradle\out\production\classes started by WCY in C:\Users\WCY\IdeaProjects\hello-boot-gradle)
2019-02-06 16:24:00.995  INFO 19136 --- [main] c.e.h.HelloBootGradleApplication         : No active profile set, falling back to default profiles: default
2019-02-06 16:24:02.198  INFO 19136 --- [main] o.s.b.w.embedded.tomcat.TomcatWebServer  : Tomcat initialized with port(s): 8080 (http)
2019-02-06 16:24:02.225  INFO 19136 --- [main] o.apache.catalina.core.StandardService   : Starting service [Tomcat]
2019-02-06 16:24:02.226  INFO 19136 --- [main] org.apache.catalina.core.StandardEngine  : Starting Servlet engine: [Apache Tomcat/9.0.14]
2019-02-06 16:24:02.237  INFO 19136 --- [main] o.a.catalina.core.AprLifecycleListener   : The APR based Apache Tomcat Native library which allows optimal performance in production environments was not found on the java.library.path: [C:\Program Files (x86)\Java\jdk1.8.0_192\bin;C:\WINDOWS\Sun\Java\bin;C:\WINDOWS\system32;C:\WINDOWS;c:\gtk\bin;C:\Program Files (x86)\Common Files\Oracle\Java\javapath;C:\WINDOWS\system32;C:\WINDOWS;C:\WINDOWS\System32\Wbem;C:\WINDOWS\System32\WindowsPowerShell\v1.0\;C:\WINDOWS\System32\OpenSSH\;D:\Java\java8\jdk\bin;D:\Java\java8\jre\bin;C:\Program Files\MySQL\MySQL Server 5.7\bin;D:\redis\Redis-x64-3.2.100;D:\maven\apache-maven-3.5.4\bin;C:\Program Files\dotnet\;F:\MyTouch;C:\Users\WCY\AppData\Local\Microsoft\WindowsApps;F:\Bandizip\;C:\Users\WCY\AppData\Local\Microsoft\WindowsApps;F:\Bandizip\;.]
2019-02-06 16:24:02.350  INFO 19136 --- [main] o.a.c.c.C.[Tomcat].[localhost].[/]       : Initializing Spring embedded WebApplicationContext
2019-02-06 16:24:02.350  INFO 19136 --- [main] o.s.web.context.ContextLoader            : Root WebApplicationContext: initialization completed in 1268 ms
2019-02-06 16:24:02.562  WARN 19136 --- [main] org.thymeleaf.templatemode.TemplateMode  : [THYMELEAF][main] Template Mode 'HTML5' is deprecated. Using Template Mode 'HTML' instead.
2019-02-06 16:24:02.566  WARN 19136 --- [main] org.thymeleaf.templatemode.TemplateMode  : [THYMELEAF][main] Template Mode 'HTML5' is deprecated. Using Template Mode 'HTML' instead.
2019-02-06 16:24:02.707  WARN 19136 --- [main] ion$DefaultTemplateResolverConfiguration : Cannot find template location: classpath:/templates/ (please add some templates or check your Thymeleaf configuration)
2019-02-06 16:24:02.780  INFO 19136 --- [main] o.s.b.w.embedded.tomcat.TomcatWebServer  : Tomcat started on port(s): 8080 (http) with context path ''
2019-02-06 16:24:02.784  INFO 19136 --- [main] c.e.h.HelloBootGradleApplication         : Started HelloBootGradleApplication in 2.475 seconds (JVM running for 3.534)
2019-02-06 16:24:51.338  INFO 19136 --- [http-nio-8080-exec-1] o.a.c.c.C.[Tomcat].[localhost].[/]       : Initializing Spring DispatcherServlet 'dispatcherServlet'
2019-02-06 16:24:51.339  INFO 19136 --- [http-nio-8080-exec-1] o.s.web.servlet.DispatcherServlet        : Initializing Servlet 'dispatcherServlet'
2019-02-06 16:24:51.345  INFO 19136 --- [http-nio-8080-exec-1] o.s.web.servlet.DispatcherServlet        : Completed initialization in 6 ms
2019-02-06 16:26:52.049  INFO 22156 --- [main] c.e.h.HelloBootGradleApplication         : Starting HelloBootGradleApplication on DESKTOP-B60IUD8 with PID 22156 (C:\Users\WCY\IdeaProjects\hello-boot-gradle\out\production\classes started by WCY in C:\Users\WCY\IdeaProjects\hello-boot-gradle)
2019-02-06 16:26:52.057  INFO 22156 --- [main] c.e.h.HelloBootGradleApplication         : No active profile set, falling back to default profiles: default
2019-02-06 16:26:53.367  INFO 22156 --- [main] o.s.b.w.embedded.tomcat.TomcatWebServer  : Tomcat initialized with port(s): 8080 (http)
2019-02-06 16:26:53.397  INFO 22156 --- [main] o.apache.catalina.core.StandardService   : Starting service [Tomcat]
2019-02-06 16:26:53.398  INFO 22156 --- [main] org.apache.catalina.core.StandardEngine  : Starting Servlet engine: [Apache Tomcat/9.0.14]
2019-02-06 16:26:53.407  INFO 22156 --- [main] o.a.catalina.core.AprLifecycleListener   : The APR based Apache Tomcat Native library which allows optimal performance in production environments was not found on the java.library.path: [C:\Program Files (x86)\Java\jdk1.8.0_192\bin;C:\WINDOWS\Sun\Java\bin;C:\WINDOWS\system32;C:\WINDOWS;c:\gtk\bin;C:\Program Files (x86)\Common Files\Oracle\Java\javapath;C:\WINDOWS\system32;C:\WINDOWS;C:\WINDOWS\System32\Wbem;C:\WINDOWS\System32\WindowsPowerShell\v1.0\;C:\WINDOWS\System32\OpenSSH\;D:\Java\java8\jdk\bin;D:\Java\java8\jre\bin;C:\Program Files\MySQL\MySQL Server 5.7\bin;D:\redis\Redis-x64-3.2.100;D:\maven\apache-maven-3.5.4\bin;C:\Program Files\dotnet\;F:\MyTouch;C:\Users\WCY\AppData\Local\Microsoft\WindowsApps;F:\Bandizip\;C:\Users\WCY\AppData\Local\Microsoft\WindowsApps;F:\Bandizip\;.]
2019-02-06 16:26:53.533  INFO 22156 --- [main] o.a.c.c.C.[Tomcat].[localhost].[/]       : Initializing Spring embedded WebApplicationContext
2019-02-06 16:26:53.534  INFO 22156 --- [main] o.s.web.context.ContextLoader            : Root WebApplicationContext: initialization completed in 1387 ms
2019-02-06 16:26:53.758  WARN 22156 --- [main] org.thymeleaf.templatemode.TemplateMode  : [THYMELEAF][main] Template Mode 'HTML5' is deprecated. Using Template Mode 'HTML' instead.
2019-02-06 16:26:53.762  WARN 22156 --- [main] org.thymeleaf.templatemode.TemplateMode  : [THYMELEAF][main] Template Mode 'HTML5' is deprecated. Using Template Mode 'HTML' instead.
2019-02-06 16:26:53.913  WARN 22156 --- [main] ion$DefaultTemplateResolverConfiguration : Cannot find template location: classpath:/templates/ (please add some templates or check your Thymeleaf configuration)
2019-02-06 16:26:53.990  INFO 22156 --- [main] o.s.b.w.embedded.tomcat.TomcatWebServer  : Tomcat started on port(s): 8080 (http) with context path ''
2019-02-06 16:26:53.994  INFO 22156 --- [main] c.e.h.HelloBootGradleApplication         : Started HelloBootGradleApplication in 2.707 seconds (JVM running for 3.818)
2019-02-06 16:27:06.843  INFO 22156 --- [http-nio-8080-exec-1] o.a.c.c.C.[Tomcat].[localhost].[/]       : Initializing Spring DispatcherServlet 'dispatcherServlet'
2019-02-06 16:27:06.843  INFO 22156 --- [http-nio-8080-exec-1] o.s.web.servlet.DispatcherServlet        : Initializing Servlet 'dispatcherServlet'
2019-02-06 16:27:06.851  INFO 22156 --- [http-nio-8080-exec-1] o.s.web.servlet.DispatcherServlet        : Completed initialization in 8 ms
